Started analysis of n1_top_R1_all.fastq.gz
Started analysis of n1_top_R2_all.fastq.gz
Approx 5% complete for n1_top_R1_all.fastq.gz
Approx 5% complete for n1_top_R2_all.fastq.gz
Approx 10% complete for n1_top_R1_all.fastq.gz
Approx 10% complete for n1_top_R2_all.fastq.gz
Approx 15% complete for n1_top_R1_all.fastq.gz
Approx 20% complete for n1_top_R1_all.fastq.gz
Approx 15% complete for n1_top_R2_all.fastq.gz
Approx 25% complete for n1_top_R1_all.fastq.gz
Approx 20% complete for n1_top_R2_all.fastq.gz
Approx 30% complete for n1_top_R1_all.fastq.gz
Approx 35% complete for n1_top_R1_all.fastq.gz
Approx 25% complete for n1_top_R2_all.fastq.gz
Approx 40% complete for n1_top_R1_all.fastq.gz
Approx 30% complete for n1_top_R2_all.fastq.gz
Approx 45% complete for n1_top_R1_all.fastq.gz
Approx 35% complete for n1_top_R2_all.fastq.gz
Approx 50% complete for n1_top_R1_all.fastq.gz
Approx 55% complete for n1_top_R1_all.fastq.gz
Approx 40% complete for n1_top_R2_all.fastq.gz
Approx 60% complete for n1_top_R1_all.fastq.gz
Approx 45% complete for n1_top_R2_all.fastq.gz
Approx 65% complete for n1_top_R1_all.fastq.gz
Approx 70% complete for n1_top_R1_all.fastq.gz
Approx 50% complete for n1_top_R2_all.fastq.gz
Approx 75% complete for n1_top_R1_all.fastq.gz
Approx 55% complete for n1_top_R2_all.fastq.gz
Approx 80% complete for n1_top_R1_all.fastq.gz
Approx 60% complete for n1_top_R2_all.fastq.gz
Approx 85% complete for n1_top_R1_all.fastq.gz
Approx 90% complete for n1_top_R1_all.fastq.gz
Approx 65% complete for n1_top_R2_all.fastq.gz
Approx 95% complete for n1_top_R1_all.fastq.gz
Approx 70% complete for n1_top_R2_all.fastq.gz
Failed to process file n1_top_R1_all.fastq.gz
uk.ac.babraham.FastQC.Sequence.SequenceFormatException: Ran out of data in the middle of a fastq entry.  Your file is probably truncated
	at uk.ac.babraham.FastQC.Sequence.FastQFile.readNext(FastQFile.java:179)
	at uk.ac.babraham.FastQC.Sequence.FastQFile.next(FastQFile.java:125)
	at uk.ac.babraham.FastQC.Analysis.AnalysisRunner.run(AnalysisRunner.java:76)
	at java.lang.Thread.run(Thread.java:745)
Approx 75% complete for n1_top_R2_all.fastq.gz
Approx 80% complete for n1_top_R2_all.fastq.gz
Approx 85% complete for n1_top_R2_all.fastq.gz
Approx 90% complete for n1_top_R2_all.fastq.gz
Approx 95% complete for n1_top_R2_all.fastq.gz
